Initialize engine version: 5.3.1f1 (cc9cbbcc37b4)
GfxDevice: creating device client; threaded=1
Direct3D:
    Version:  Direct3D 11.0 [level 11.0]
    Renderer: AMD Radeon R7 200 Series (ID=0x683d)
    Vendor:   ATI
    VRAM:     1005 MB
Begin MonoManager ReloadAssembly
Platform assembly: C:\Users\Toshe\Desktop\Flaminis\Flaminis\FlaminisBuild02_Data\Managed\UnityEngine.dll (this message is harmless)
Loading C:\Users\Toshe\Desktop\Flaminis\Flaminis\FlaminisBuild02_Data\Managed\UnityEngine.dll into Unity Child Domain
Platform assembly: C:\Users\Toshe\Desktop\Flaminis\Flaminis\FlaminisBuild02_Data\Managed\Assembly-CSharp-firstpass.dll (this message is harmless)
Loading C:\Users\Toshe\Desktop\Flaminis\Flaminis\FlaminisBuild02_Data\Managed\Assembly-CSharp-firstpass.dll into Unity Child Domain
Platform assembly: C:\Users\Toshe\Desktop\Flaminis\Flaminis\FlaminisBuild02_Data\Managed\Assembly-CSharp.dll (this message is harmless)
Loading C:\Users\Toshe\Desktop\Flaminis\Flaminis\FlaminisBuild02_Data\Managed\Assembly-CSharp.dll into Unity Child Domain
Platform assembly: C:\Users\Toshe\Desktop\Flaminis\Flaminis\FlaminisBuild02_Data\Managed\UnityEngine.UI.dll (this message is harmless)
Loading C:\Users\Toshe\Desktop\Flaminis\Flaminis\FlaminisBuild02_Data\Managed\UnityEngine.UI.dll into Unity Child Domain
Platform assembly: C:\Users\Toshe\Desktop\Flaminis\Flaminis\FlaminisBuild02_Data\Managed\UnityEngine.Networking.dll (this message is harmless)
Loading C:\Users\Toshe\Desktop\Flaminis\Flaminis\FlaminisBuild02_Data\Managed\UnityEngine.Networking.dll into Unity Child Domain
Platform assembly: C:\Users\Toshe\Desktop\Flaminis\Flaminis\FlaminisBuild02_Data\Managed\Pathfinding.Ionic.Zip.Reduced.dll (this message is harmless)
Loading C:\Users\Toshe\Desktop\Flaminis\Flaminis\FlaminisBuild02_Data\Managed\Pathfinding.Ionic.Zip.Reduced.dll into Unity Child Domain
Platform assembly: C:\Users\Toshe\Desktop\Flaminis\Flaminis\FlaminisBuild02_Data\Managed\Pathfinding.JsonFx.dll (this message is harmless)
Loading C:\Users\Toshe\Desktop\Flaminis\Flaminis\FlaminisBuild02_Data\Managed\Pathfinding.JsonFx.dll into Unity Child Domain
- Completed reload, in  0.060 seconds
Platform assembly: C:\Users\Toshe\Desktop\Flaminis\Flaminis\FlaminisBuild02_Data\Managed\System.Core.dll (this message is harmless)
Platform assembly: C:\Users\Toshe\Desktop\Flaminis\Flaminis\FlaminisBuild02_Data\Managed\System.dll (this message is harmless)
desktop: 1920x1080 60Hz; virtual: 1920x1080 at 0,0
<RI> Initializing input.
<RI> Input initialized.
<RI> Initialized touch support.
UnloadTime: 0.665137 ms
Scanning - Process took 19 ms to complete
 
(Filename: C:/buildslave/unity/build/artifacts/generated/common/runtime/UnityEngineDebugBindings.gen.cpp Line: 37)

Canceled path because a new one was requested.
This happens when a new path is requested from the seeker when one was already being calculated.
For example if a unit got a new order, you might request a new path directly instead of waiting for the now invalid path to be calculated. Which is probably what you want.
If you are getting this a lot, you might want to consider how you are scheduling path requests.
 
(Filename: C:/buildslave/unity/build/artifacts/generated/common/runtime/UnityEngineDebugBindings.gen.cpp Line: 37)

Path Failed : Computation Time 0.00 ms Searched Nodes 0
Error: Canceled path because a new one was requested.
This happens when a new path is requested from the seeker when one was already being calculated.
For example if a unit got a new order, you might request a new path directly instead of waiting for the now invalid path to be calculated. Which is probably what you want.
If you are getting this a lot, you might want to consider how you are scheduling path requests.
Path Number 1
 
(Filename: C:/buildslave/unity/build/artifacts/generated/common/runtime/UnityEngineDebugBindings.gen.cpp Line: 37)

Path Completed : Computation Time 2.00 ms Searched Nodes 11 Path Length 6
Path Number 2
 
(Filename: C:/buildslave/unity/build/artifacts/generated/common/runtime/UnityEngineDebugBindings.gen.cpp Line: 37)

Path Completed : Computation Time 0.00 ms Searched Nodes 12 Path Length 5
Path Number 3
 
(Filename: C:/buildslave/unity/build/artifacts/generated/common/runtime/UnityEngineDebugBindings.gen.cpp Line: 37)

Path Completed : Computation Time 0.00 ms Searched Nodes 12 Path Length 5
Path Number 4
 
(Filename: C:/buildslave/unity/build/artifacts/generated/common/runtime/UnityEngineDebugBindings.gen.cpp Line: 37)

Path Completed : Computation Time 0.00 ms Searched Nodes 12 Path Length 5
Path Number 5
 
(Filename: C:/buildslave/unity/build/artifacts/generated/common/runtime/UnityEngineDebugBindings.gen.cpp Line: 37)

Path Completed : Computation Time 0.00 ms Searched Nodes 12 Path Length 5
Path Number 6
 
(Filename: C:/buildslave/unity/build/artifacts/generated/common/runtime/UnityEngineDebugBindings.gen.cpp Line: 37)

Path Completed : Computation Time 0.00 ms Searched Nodes 9 Path Length 6
Path Number 7
 
(Filename: C:/buildslave/unity/build/artifacts/generated/common/runtime/UnityEngineDebugBindings.gen.cpp Line: 37)

Path Completed : Computation Time 0.00 ms Searched Nodes 54 Path Length 12
Path Number 8
 
(Filename: C:/buildslave/unity/build/artifacts/generated/common/runtime/UnityEngineDebugBindings.gen.cpp Line: 37)

Path Completed : Computation Time 0.00 ms Searched Nodes 79 Path Length 16
Path Number 9
 
(Filename: C:/buildslave/unity/build/artifacts/generated/common/runtime/UnityEngineDebugBindings.gen.cpp Line: 37)

Path Completed : Computation Time 0.00 ms Searched Nodes 79 Path Length 16
Path Number 10
 
(Filename: C:/buildslave/unity/build/artifacts/generated/common/runtime/UnityEngineDebugBindings.gen.cpp Line: 37)

Path Completed : Computation Time 0.00 ms Searched Nodes 70 Path Length 15
Path Number 11
 
(Filename: C:/buildslave/unity/build/artifacts/generated/common/runtime/UnityEngineDebugBindings.gen.cpp Line: 37)

Spawned enemy
 
(Filename: C:/buildslave/unity/build/artifacts/generated/common/runtime/UnityEngineDebugBindings.gen.cpp Line: 37)

ArgumentException: The thing you want to instantiate is null.
  at UnityEngine.Object.CheckNullArgument (System.Object arg, System.String message) [0x00000] in <filename unknown>:0 
  at UnityEngine.Object.Instantiate (UnityEngine.Object original, Vector3 position, Quaternion rotation) [0x00000] in <filename unknown>:0 
  at EnemySpawner.Spawn () [0x00000] in <filename unknown>:0 
 
(Filename:  Line: -1)

Path Completed : Computation Time 0.00 ms Searched Nodes 68 Path Length 15
Path Number 12
 
(Filename: C:/buildslave/unity/build/artifacts/generated/common/runtime/UnityEngineDebugBindings.gen.cpp Line: 37)

Path Completed : Computation Time 0.00 ms Searched Nodes 59 Path Length 14
Path Number 13
 
(Filename: C:/buildslave/unity/build/artifacts/generated/common/runtime/UnityEngineDebugBindings.gen.cpp Line: 37)

Path Completed : Computation Time 0.00 ms Searched Nodes 51 Path Length 13
Path Number 14
 
(Filename: C:/buildslave/unity/build/artifacts/generated/common/runtime/UnityEngineDebugBindings.gen.cpp Line: 37)

Path Completed : Computation Time 0.00 ms Searched Nodes 43 Path Length 12
Path Number 15
 
(Filename: C:/buildslave/unity/build/artifacts/generated/common/runtime/UnityEngineDebugBindings.gen.cpp Line: 37)

Path Completed : Computation Time 0.00 ms Searched Nodes 36 Path Length 11
Path Number 16
 
(Filename: C:/buildslave/unity/build/artifacts/generated/common/runtime/UnityEngineDebugBindings.gen.cpp Line: 37)

Path Completed : Computation Time 0.00 ms Searched Nodes 32 Path Length 10
Path Number 17
 
(Filename: C:/buildslave/unity/build/artifacts/generated/common/runtime/UnityEngineDebugBindings.gen.cpp Line: 37)

Path Completed : Computation Time 0.00 ms Searched Nodes 32 Path Length 10
Path Number 18
 
(Filename: C:/buildslave/unity/build/artifacts/generated/common/runtime/UnityEngineDebugBindings.gen.cpp Line: 37)

Path Completed : Computation Time 0.00 ms Searched Nodes 27 Path Length 9
Path Number 19
 
(Filename: C:/buildslave/unity/build/artifacts/generated/common/runtime/UnityEngineDebugBindings.gen.cpp Line: 37)

Path Completed : Computation Time 0.00 ms Searched Nodes 21 Path Length 8
Path Number 20
 
(Filename: C:/buildslave/unity/build/artifacts/generated/common/runtime/UnityEngineDebugBindings.gen.cpp Line: 37)

Path Completed : Computation Time 0.00 ms Searched Nodes 17 Path Length 7
Path Number 21
 
(Filename: C:/buildslave/unity/build/artifacts/generated/common/runtime/UnityEngineDebugBindings.gen.cpp Line: 37)

Spawned enemy
 
(Filename: C:/buildslave/unity/build/artifacts/generated/common/runtime/UnityEngineDebugBindings.gen.cpp Line: 37)

ArgumentException: The thing you want to instantiate is null.
  at UnityEngine.Object.CheckNullArgument (System.Object arg, System.String message) [0x00000] in <filename unknown>:0 
  at UnityEngine.Object.Instantiate (UnityEngine.Object original, Vector3 position, Quaternion rotation) [0x00000] in <filename unknown>:0 
  at EnemySpawner.Spawn () [0x00000] in <filename unknown>:0 
 
(Filename:  Line: -1)

Path Completed : Computation Time 0.00 ms Searched Nodes 17 Path Length 7
Path Number 22
 
(Filename: C:/buildslave/unity/build/artifacts/generated/common/runtime/UnityEngineDebugBindings.gen.cpp Line: 37)

Path Completed : Computation Time 0.00 ms Searched Nodes 17 Path Length 7
Path Number 23
 
(Filename: C:/buildslave/unity/build/artifacts/generated/common/runtime/UnityEngineDebugBindings.gen.cpp Line: 37)

Path Completed : Computation Time 0.00 ms Searched Nodes 17 Path Length 7
Path Number 24
 
(Filename: C:/buildslave/unity/build/artifacts/generated/common/runtime/UnityEngineDebugBindings.gen.cpp Line: 37)

Path Completed : Computation Time 0.00 ms Searched Nodes 17 Path Length 7
Path Number 25
 
(Filename: C:/buildslave/unity/build/artifacts/generated/common/runtime/UnityEngineDebugBindings.gen.cpp Line: 37)

Path Completed : Computation Time 0.00 ms Searched Nodes 13 Path Length 6
Path Number 26
 
(Filename: C:/buildslave/unity/build/artifacts/generated/common/runtime/UnityEngineDebugBindings.gen.cpp Line: 37)

Path Completed : Computation Time 0.00 ms Searched Nodes 13 Path Length 6
Path Number 27
 
(Filename: C:/buildslave/unity/build/artifacts/generated/common/runtime/UnityEngineDebugBindings.gen.cpp Line: 37)

Path Completed : Computation Time 0.00 ms Searched Nodes 13 Path Length 6
Path Number 28
 
(Filename: C:/buildslave/unity/build/artifacts/generated/common/runtime/UnityEngineDebugBindings.gen.cpp Line: 37)

Path Completed : Computation Time 0.00 ms Searched Nodes 13 Path Length 6
Path Number 29
 
(Filename: C:/buildslave/unity/build/artifacts/generated/common/runtime/UnityEngineDebugBindings.gen.cpp Line: 37)

Path Completed : Computation Time 0.00 ms Searched Nodes 13 Path Length 6
Path Number 30
 
(Filename: C:/buildslave/unity/build/artifacts/generated/common/runtime/UnityEngineDebugBindings.gen.cpp Line: 37)

Path Completed : Computation Time 0.00 ms Searched Nodes 13 Path Length 6
Path Number 31
 
(Filename: C:/buildslave/unity/build/artifacts/generated/common/runtime/UnityEngineDebugBindings.gen.cpp Line: 37)

Spawned enemy
 
(Filename: C:/buildslave/unity/build/artifacts/generated/common/runtime/UnityEngineDebugBindings.gen.cpp Line: 37)

ArgumentException: The thing you want to instantiate is null.
  at UnityEngine.Object.CheckNullArgument (System.Object arg, System.String message) [0x00000] in <filename unknown>:0 
  at UnityEngine.Object.Instantiate (UnityEngine.Object original, Vector3 position, Quaternion rotation) [0x00000] in <filename unknown>:0 
  at EnemySpawner.Spawn () [0x00000] in <filename unknown>:0 
 
(Filename:  Line: -1)

Path Completed : Computation Time 0.00 ms Searched Nodes 13 Path Length 6
Path Number 32
 
(Filename: C:/buildslave/unity/build/artifacts/generated/common/runtime/UnityEngineDebugBindings.gen.cpp Line: 37)

Path Completed : Computation Time 0.00 ms Searched Nodes 13 Path Length 6
Path Number 33
 
(Filename: C:/buildslave/unity/build/artifacts/generated/common/runtime/UnityEngineDebugBindings.gen.cpp Line: 37)

Path Completed : Computation Time 0.00 ms Searched Nodes 13 Path Length 6
Path Number 34
 
(Filename: C:/buildslave/unity/build/artifacts/generated/common/runtime/UnityEngineDebugBindings.gen.cpp Line: 37)

Path Completed : Computation Time 0.00 ms Searched Nodes 13 Path Length 6
Path Number 35
 
(Filename: C:/buildslave/unity/build/artifacts/generated/common/runtime/UnityEngineDebugBindings.gen.cpp Line: 37)

Path Completed : Computation Time 0.00 ms Searched Nodes 13 Path Length 6
Path Number 36
 
(Filename: C:/buildslave/unity/build/artifacts/generated/common/runtime/UnityEngineDebugBindings.gen.cpp Line: 37)

Path Completed : Computation Time 0.00 ms Searched Nodes 13 Path Length 6
Path Number 37
 
(Filename: C:/buildslave/unity/build/artifacts/generated/common/runtime/UnityEngineDebugBindings.gen.cpp Line: 37)

Path Completed : Computation Time 0.00 ms Searched Nodes 13 Path Length 6
Path Number 38
 
(Filename: C:/buildslave/unity/build/artifacts/generated/common/runtime/UnityEngineDebugBindings.gen.cpp Line: 37)

Path Completed : Computation Time 0.00 ms Searched Nodes 13 Path Length 6
Path Number 39
 
(Filename: C:/buildslave/unity/build/artifacts/generated/common/runtime/UnityEngineDebugBindings.gen.cpp Line: 37)

Path Completed : Computation Time 0.00 ms Searched Nodes 13 Path Length 6
Path Number 40
 
(Filename: C:/buildslave/unity/build/artifacts/generated/common/runtime/UnityEngineDebugBindings.gen.cpp Line: 37)

Initialize engine version: 5.3.1f1 (cc9cbbcc37b4)
GfxDevice: creating device client; threaded=1
Direct3D:
    Version:  Direct3D 11.0 [level 11.0]
    Renderer: AMD Radeon R7 200 Series (ID=0x683d)
    Vendor:   ATI
    VRAM:     1005 MB
Begin MonoManager ReloadAssembly
Platform assembly: C:\Users\Toshe\Desktop\Flaminis\Flaminis\FlaminisBuild02_Data\Managed\UnityEngine.dll (this message is harmless)
Loading C:\Users\Toshe\Desktop\Flaminis\Flaminis\FlaminisBuild02_Data\Managed\UnityEngine.dll into Unity Child Domain
Platform assembly: C:\Users\Toshe\Desktop\Flaminis\Flaminis\FlaminisBuild02_Data\Managed\Assembly-CSharp-firstpass.dll (this message is harmless)
Loading C:\Users\Toshe\Desktop\Flaminis\Flaminis\FlaminisBuild02_Data\Managed\Assembly-CSharp-firstpass.dll into Unity Child Domain
Platform assembly: C:\Users\Toshe\Desktop\Flaminis\Flaminis\FlaminisBuild02_Data\Managed\Assembly-CSharp.dll (this message is harmless)
Loading C:\Users\Toshe\Desktop\Flaminis\Flaminis\FlaminisBuild02_Data\Managed\Assembly-CSharp.dll into Unity Child Domain
Platform assembly: C:\Users\Toshe\Desktop\Flaminis\Flaminis\FlaminisBuild02_Data\Managed\UnityEngine.UI.dll (this message is harmless)
Loading C:\Users\Toshe\Desktop\Flaminis\Flaminis\FlaminisBuild02_Data\Managed\UnityEngine.UI.dll into Unity Child Domain
Platform assembly: C:\Users\Toshe\Desktop\Flaminis\Flaminis\FlaminisBuild02_Data\Managed\UnityEngine.Networking.dll (this message is harmless)
Loading C:\Users\Toshe\Desktop\Flaminis\Flaminis\FlaminisBuild02_Data\Managed\UnityEngine.Networking.dll into Unity Child Domain
Platform assembly: C:\Users\Toshe\Desktop\Flaminis\Flaminis\FlaminisBuild02_Data\Managed\Pathfinding.Ionic.Zip.Reduced.dll (this message is harmless)
Loading C:\Users\Toshe\Desktop\Flaminis\Flaminis\FlaminisBuild02_Data\Managed\Pathfinding.Ionic.Zip.Reduced.dll into Unity Child Domain
Platform assembly: C:\Users\Toshe\Desktop\Flaminis\Flaminis\FlaminisBuild02_Data\Managed\Pathfinding.JsonFx.dll (this message is harmless)
Loading C:\Users\Toshe\Desktop\Flaminis\Flaminis\FlaminisBuild02_Data\Managed\Pathfinding.JsonFx.dll into Unity Child Domain
- Completed reload, in  0.062 seconds
Platform assembly: C:\Users\Toshe\Desktop\Flaminis\Flaminis\FlaminisBuild02_Data\Managed\System.Core.dll (this message is harmless)
Platform assembly: C:\Users\Toshe\Desktop\Flaminis\Flaminis\FlaminisBuild02_Data\Managed\System.dll (this message is harmless)
desktop: 1920x1080 60Hz; virtual: 1920x1080 at 0,0
<RI> Initializing input.
<RI> Input initialized.
<RI> Initialized touch support.
UnloadTime: 0.584319 ms
Scanning - Process took 19 ms to complete
 
(Filename: C:/buildslave/unity/build/artifacts/generated/common/runtime/UnityEngineDebugBindings.gen.cpp Line: 37)

Canceled path because a new one was requested.
This happens when a new path is requested from the seeker when one was already being calculated.
For example if a unit got a new order, you might request a new path directly instead of waiting for the now invalid path to be calculated. Which is probably what you want.
If you are getting this a lot, you might want to consider how you are scheduling path requests.
 
(Filename: C:/buildslave/unity/build/artifacts/generated/common/runtime/UnityEngineDebugBindings.gen.cpp Line: 37)

Path Failed : Computation Time 0.00 ms Searched Nodes 0
Error: Canceled path because a new one was requested.
This happens when a new path is requested from the seeker when one was already being calculated.
For example if a unit got a new order, you might request a new path directly instead of waiting for the now invalid path to be calculated. Which is probably what you want.
If you are getting this a lot, you might want to consider how you are scheduling path requests.
Path Number 1
 
(Filename: C:/buildslave/unity/build/artifacts/generated/common/runtime/UnityEngineDebugBindings.gen.cpp Line: 37)

Path Completed : Computation Time 3.00 ms Searched Nodes 11 Path Length 6
Path Number 2
 
(Filename: C:/buildslave/unity/build/artifacts/generated/common/runtime/UnityEngineDebugBindings.gen.cpp Line: 37)

Path Completed : Computation Time 0.00 ms Searched Nodes 14 Path Length 6
Path Number 3
 
(Filename: C:/buildslave/unity/build/artifacts/generated/common/runtime/UnityEngineDebugBindings.gen.cpp Line: 37)

Path Completed : Computation Time 0.00 ms Searched Nodes 14 Path Length 6
Path Number 4
 
(Filename: C:/buildslave/unity/build/artifacts/generated/common/runtime/UnityEngineDebugBindings.gen.cpp Line: 37)

Path Completed : Computation Time 0.00 ms Searched Nodes 14 Path Length 6
Path Number 5
 
(Filename: C:/buildslave/unity/build/artifacts/generated/common/runtime/UnityEngineDebugBindings.gen.cpp Line: 37)

Path Completed : Computation Time 0.00 ms Searched Nodes 14 Path Length 6
Path Number 6
 
(Filename: C:/buildslave/unity/build/artifacts/generated/common/runtime/UnityEngineDebugBindings.gen.cpp Line: 37)

Path Completed : Computation Time 0.00 ms Searched Nodes 10 Path Length 5
Path Number 7
 
(Filename: C:/buildslave/unity/build/artifacts/generated/common/runtime/UnityEngineDebugBindings.gen.cpp Line: 37)

Path Completed : Computation Time 0.00 ms Searched Nodes 12 Path Length 5
Path Number 8
 
(Filename: C:/buildslave/unity/build/artifacts/generated/common/runtime/UnityEngineDebugBindings.gen.cpp Line: 37)

Path Completed : Computation Time 0.00 ms Searched Nodes 12 Path Length 5
Path Number 9
 
(Filename: C:/buildslave/unity/build/artifacts/generated/common/runtime/UnityEngineDebugBindings.gen.cpp Line: 37)

Path Completed : Computation Time 0.00 ms Searched Nodes 12 Path Length 5
Path Number 10
 
(Filename: C:/buildslave/unity/build/artifacts/generated/common/runtime/UnityEngineDebugBindings.gen.cpp Line: 37)

Path Completed : Computation Time 0.00 ms Searched Nodes 12 Path Length 5
Path Number 11
 
(Filename: C:/buildslave/unity/build/artifacts/generated/common/runtime/UnityEngineDebugBindings.gen.cpp Line: 37)

Spawned enemy
 
(Filename: C:/buildslave/unity/build/artifacts/generated/common/runtime/UnityEngineDebugBindings.gen.cpp Line: 37)

ArgumentException: The thing you want to instantiate is null.
  at UnityEngine.Object.CheckNullArgument (System.Object arg, System.String message) [0x00000] in <filename unknown>:0 
  at UnityEngine.Object.Instantiate (UnityEngine.Object original, Vector3 position, Quaternion rotation) [0x00000] in <filename unknown>:0 
  at EnemySpawner.Spawn () [0x00000] in <filename unknown>:0 
 
(Filename:  Line: -1)

Path Completed : Computation Time 0.00 ms Searched Nodes 12 Path Length 5
Path Number 12
 
(Filename: C:/buildslave/unity/build/artifacts/generated/common/runtime/UnityEngineDebugBindings.gen.cpp Line: 37)

Unloading 5 Unused Serialized files (Serialized files now loaded: 0)
UnloadTime: 8.319717 ms

Unloading 74 unused Assets to reduce memory usage. Loaded Objects now: 298.
Total: 1.707046 ms (FindLiveObjects: 0.019730 ms CreateObjectMapping: 0.014418 ms MarkObjects: 1.601565 ms  DeleteObjects: 0.069814 ms)

Setting up 2 worker threads for Enlighten.
  Thread -> id: 3140 -> priority: 1 
  Thread -> id: 3304 -> priority: 1 
Path Completed : Computation Time 0.00 ms Searched Nodes 13 Path Length 6
Path Number 41
 
(Filename: C:/buildslave/unity/build/artifacts/generated/common/runtime/UnityEngineDebugBindings.gen.cpp Line: 37)

Spawned enemy
 
(Filename: C:/buildslave/unity/build/artifacts/generated/common/runtime/UnityEngineDebugBindings.gen.cpp Line: 37)

ArgumentException: The thing you want to instantiate is null.
  at UnityEngine.Object.CheckNullArgument (System.Object arg, System.String message) [0x00000] in <filename unknown>:0 
  at UnityEngine.Object.Instantiate (UnityEngine.Object original, Vector3 position, Quaternion rotation) [0x00000] in <filename unknown>:0 
  at EnemySpawner.Spawn () [0x00000] in <filename unknown>:0 
 
(Filename:  Line: -1)

Path Completed : Computation Time 0.00 ms Searched Nodes 13 Path Length 6
Path Number 42
 
(Filename: C:/buildslave/unity/build/artifacts/generated/common/runtime/UnityEngineDebugBindings.gen.cpp Line: 37)

Setting up 2 worker threads for Enlighten.
  Thread -> id: 32dc -> priority: 1 
  Thread -> id: 3238 -> priority: 1 
